{
  "RSpec": {
    "coverage": {
      "/home/fcrosa/src/status_logger/app/models/integrity_log.rb": {
        "lines": [
          1,
          1,
          null,
          null,
          null,
          null,
          null,
          1,
          1,
          null
        ]
      },
      "/home/fcrosa/src/status_logger/app/models/application_record.rb": {
        "lines": [
          1,
          1,
          null
        ]
      },
      "/home/fcrosa/src/status_logger/app/services/integrity_logger_service.rb": {
        "lines": [
          1,
          null,
          1,
          4,
          null,
          null,
          null
        ]
      },
      "/home/fcrosa/src/status_logger/app/services/redis_countries_whitelist.rb": {
        "lines": [
          null,
          null,
          1,
          null,
          1,
          null,
          1,
          11,
          null,
          null,
          1,
          8,
          null,
          7,
          null,
          null,
          1,
          4,
          null,
          null,
          1,
          1,
          null,
          null,
          1,
          4,
          null,
          null,
          null,
          null
        ]
      },
      "/home/fcrosa/src/status_logger/app/services/user_status_service.rb": {
        "lines": [
          1,
          null,
          1,
          13,
          13,
          13,
          13,
          null,
          null,
          1,
          null,
          7,
          7,
          null,
          6,
          1,
          5,
          2,
          3,
          1,
          null,
          null,
          2,
          2,
          null,
          null,
          null,
          1,
          null,
          1,
          7,
          null,
          null,
          1,
          7,
          7,
          null,
          null,
          1,
          7,
          null,
          null,
          1,
          4,
          4,
          null,
          4,
          2,
          null,
          2,
          2,
          1,
          null,
          1,
          null,
          null,
          3,
          null,
          null,
          null,
          null,
          2,
          null,
          2,
          null,
          null,
          null,
          1,
          4,
          null,
          4,
          null,
          null,
          null,
          null,
          null,
          null,
          null,
          null,
          4,
          4,
          null,
          null,
          null,
          null
        ]
      },
      "/home/fcrosa/src/status_logger/app/controllers/api/v1/user_controller.rb": {
        "lines": [
          1,
          null,
          1,
          null,
          1,
          1,
          null,
          1,
          2,
          2,
          2,
          null,
          null,
          1,
          null,
          1,
          null,
          6,
          6,
          null,
          18,
          12,
          null,
          6,
          6,
          6,
          null,
          6,
          null,
          6,
          4,
          null,
          2,
          null,
          null,
          null,
          null,
          null,
          null
        ]
      },
      "/home/fcrosa/src/status_logger/app/controllers/application_controller.rb": {
        "lines": [
          1,
          null
        ]
      },
      "/home/fcrosa/src/status_logger/app/models/user.rb": {
        "lines": [
          1,
          null,
          1,
          null,
          null,
          null,
          null,
          null,
          1,
          1,
          null
        ]
      }
    },
    "timestamp": 1750091126
  }
}
